<?xml version="1.0" encoding="UTF-8"?>
<!-- Generated by org.testng.reporters.JUnitReportReporter -->
<testsuite skipped="0" hostname="Pranab" name="com.learntestng.learntestng.SampleTest" tests="1" failures="0" timestamp="13 Apr 2017 20:26:14 GMT" time="0.002" errors="0">
  <testcase name="SampleTest" time="0.002" classname="com.learntestng.learntestng.SampleTest"/>
</testsuite> <!-- com.learntestng.learntestng.SampleTest -->
