<?xml version="1.0" encoding="UTF-8"?>
<!-- Generated by org.testng.reporters.JUnitReportReporter -->
<testsuite skipped="0" hostname="Pranab" name="com.learntestng.learntestng.AppTest" tests="1" failures="0" timestamp="13 Apr 2017 20:26:14 GMT" time="0.011" errors="0">
  <testcase name="sendMail" time="0.011" classname="com.learntestng.learntestng.AppTest"/>
</testsuite> <!-- com.learntestng.learntestng.AppTest -->
