<?xml version="1.0" encoding="UTF-8"?>
<!-- Generated by org.testng.reporters.JUnitReportReporter -->
<testsuite skipped="0" hostname="Pranab" name="TestA" tests="3" failures="0" timestamp="26 Apr 2017 09:37:58 GMT" time="0.088" errors="0">
  <testcase name="testA" time="0.001" classname="TestA"/>
  <testcase name="testA" time="0.001" classname="TestA"/>
  <testcase name="testA" time="0.086" classname="TestA"/>
</testsuite> <!-- TestA -->
