<?xml version="1.0" encoding="UTF-8"?>
<!-- Generated by org.testng.reporters.JUnitReportReporter -->
<testsuite skipped="0" hostname="Pranab" name="TestCases.LoginTest" tests="3" failures="0" timestamp="13 Apr 2017 07:07:58 GMT" time="0.000" errors="0">
  <testcase name="doLoginTest" time="0.000" classname="TestCases.LoginTest"/>
  <testcase name="doLoginTest" time="0.000" classname="TestCases.LoginTest"/>
  <testcase name="doLoginTest" time="0.000" classname="TestCases.LoginTest"/>
</testsuite> <!-- TestCases.LoginTest -->
