<?xml version="1.0" encoding="UTF-8"?>
<!-- Generated by org.testng.reporters.JUnitReportReporter -->
<testsuite skipped="0" hostname="Pranab" name="testcases.TestB" tests="1" failures="0" timestamp="08 Apr 2017 12:48:10 GMT" time="2.020" errors="0">
  <testcase name="testB" time="2.020" classname="testcases.TestB"/>
</testsuite> <!-- testcases.TestB -->
