<?xml version="1.0" encoding="UTF-8"?>
<!-- Generated by org.testng.reporters.JUnitReportReporter -->
<testsuite skipped="0" hostname="Pranab" name="testcases.TestA" tests="1" failures="0" timestamp="08 Apr 2017 12:48:10 GMT" time="2.020" errors="0">
  <testcase name="testA" time="2.020" classname="testcases.TestA"/>
</testsuite> <!-- testcases.TestA -->
