<?xml version="1.0" encoding="UTF-8"?>
<!-- Generated by org.testng.reporters.JUnitReportReporter -->
<testsuite skipped="0" hostname="Pranab" name="testcases.Reg_Test" tests="2" failures="0" timestamp="13 Apr 2017 16:32:27 GMT" time="0.012" errors="0">
  <testcase name="doRegistration" time="0.002" classname="testcases.Reg_Test"/>
  <testcase name="doRegistration" time="0.010" classname="testcases.Reg_Test"/>
</testsuite> <!-- testcases.Reg_Test -->
