<?xml version="1.0" encoding="UTF-8"?>
<!-- Generated by org.testng.reporters.JUnitReportReporter -->
<testsuite skipped="0" hostname="Pranab" name="testcases.SampleTest" tests="4" failures="0" timestamp="13 Apr 2017 16:33:21 GMT" time="0.015" errors="0">
  <testcase name="testlogin" time="0.009" classname="testcases.SampleTest"/>
  <testcase name="testlogin" time="0.002" classname="testcases.SampleTest"/>
  <testcase name="testchangePassword" time="0.002" classname="testcases.SampleTest"/>
  <testcase name="testlogout" time="0.002" classname="testcases.SampleTest"/>
</testsuite> <!-- testcases.SampleTest -->
