<?xml version="1.0" encoding="UTF-8"?>
<!-- Generated by org.testng.reporters.JUnitReportReporter -->
<testsuite skipped="0" hostname="Pranab" name="testcases.Testcases" tests="8" failures="0" timestamp="29 Apr 2017 08:42:01 GMT" time="0.018" errors="0">
  <testcase name="testa" time="0.010" classname="testcases.Testcases"/>
  <testcase name="testa" time="0.002" classname="testcases.Testcases"/>
  <testcase name="testb" time="0.001" classname="testcases.Testcases"/>
  <testcase name="testb" time="0.001" classname="testcases.Testcases"/>
  <testcase name="testA" time="0.001" classname="testcases.Testcases"/>
  <testcase name="testA" time="0.001" classname="testcases.Testcases"/>
  <testcase name="testB" time="0.001" classname="testcases.Testcases"/>
  <testcase name="testB" time="0.001" classname="testcases.Testcases"/>
</testsuite> <!-- testcases.Testcases -->
