<?xml version="1.0" encoding="UTF-8"?>
<!-- Generated by org.testng.reporters.JUnitReportReporter -->
<testsuite skipped="0" hostname="Pranab" name="com.qtpselenium.core.ddf.testcases.DummyTestC" tests="1" failures="0" timestamp="14 Apr 2017 18:10:46 GMT" time="0.352" errors="0">
  <testcase name="TestC" time="0.352" classname="com.qtpselenium.core.ddf.testcases.DummyTestC"/>
</testsuite> <!-- com.qtpselenium.core.ddf.testcases.DummyTestC -->
