<?xml version="1.0" encoding="UTF-8"?>
<!-- Generated by org.testng.reporters.JUnitReportReporter -->
<testsuite skipped="0" hostname="Pranab" name="com.qtpselenium.core.ddf.testcases.DummyTestB" tests="1" failures="0" timestamp="15 Apr 2017 10:38:47 GMT" time="9.126" errors="0">
  <testcase name="TestB" time="9.126" classname="com.qtpselenium.core.ddf.testcases.DummyTestB"/>
</testsuite> <!-- com.qtpselenium.core.ddf.testcases.DummyTestB -->
